Building DAG of jobs...
Using shell: /usr/bin/bash
Provided cores: 1 (use --cores to define parallelism)
Rules claiming more threads will be scaled down.
Job stats:
job             count
------------  -------
all                 1
plot_contour        1
total               2

Select jobs to execute...

[Thu Nov 30 22:40:13 2023]
rule plot_contour:
    input: data/temp150.dat1
    output: data/non_reactive.png
    jobid: 1
    reason: Missing output files: data/non_reactive.png
    resources: tmpdir=/tmp

python scripts/contour.py data/temp150.dat1 data/non_reactive.png
[Thu Nov 30 22:40:23 2023]
Finished job 1.
1 of 2 steps (50%) done
Select jobs to execute...

[Thu Nov 30 22:40:23 2023]
localrule all:
    input: data/non_reactive.png
    jobid: 0
    reason: Input files updated by another job: data/non_reactive.png
    resources: tmpdir=/tmp

[Thu Nov 30 22:40:23 2023]
Finished job 0.
2 of 2 steps (100%) done
Complete log: .snakemake/log/2023-11-30T224013.323485.snakemake.log
