Building DAG of jobs...
Using shell: /usr/bin/bash
Provided cores: 1 (use --cores to define parallelism)
Rules claiming more threads will be scaled down.
Job stats:
job             count
------------  -------
all                 1
plot_contour        1
total               2

Select jobs to execute...

[Thu Nov 30 19:49:08 2023]
rule plot_contour:
    input: data/temp150.dat1, data/temp175.dat1
    output: data/non_reactive.png, data/reactive.png
    jobid: 2
    reason: Missing output files: data/non_reactive.png, data/reactive.png
    resources: tmpdir=/tmp

python scripts/plot_contour.py data/temp150.dat1 data/temp175.dat1 data/non_reactive.png data/reactive.png
[Thu Nov 30 19:49:09 2023]
Error in rule plot_contour:
    jobid: 2
    input: data/temp150.dat1, data/temp175.dat1
    output: data/non_reactive.png, data/reactive.png
    shell:
        python scripts/plot_contour.py data/temp150.dat1 data/temp175.dat1 data/non_reactive.png data/reactive.png
        (one of the commands exited with non-zero exit code; note that snakemake uses bash strict mode!)

Shutting down, this might take some time.
Exiting because a job execution failed. Look above for error message
Complete log: .snakemake/log/2023-11-30T194908.112889.snakemake.log
