Building DAG of jobs...
Using shell: /usr/bin/bash
Provided cores: 1 (use --cores to define parallelism)
Rules claiming more threads will be scaled down.
Job stats:
job         count
--------  -------
all             1
plot_tke        1
total           2

Select jobs to execute...

[Thu Nov 30 15:44:03 2023]
rule plot_tke:
    input: data/tke.dat
    output: output_plot.png
    jobid: 1
    reason: Missing output files: output_plot.png
    resources: tmpdir=/tmp

[Thu Nov 30 15:44:05 2023]
Error in rule plot_tke:
    jobid: 1
    input: data/tke.dat
    output: output_plot.png
    shell:
        python scripts/plot_tke.py data/tke.dat output_plot.png
        (one of the commands exited with non-zero exit code; note that snakemake uses bash strict mode!)

Shutting down, this might take some time.
Exiting because a job execution failed. Look above for error message
Complete log: .snakemake/log/2023-11-30T154400.639843.snakemake.log
