Building DAG of jobs...
Using shell: /usr/bin/bash
Provided cores: 1 (use --cores to define parallelism)
Rules claiming more threads will be scaled down.
Job stats:
job         count
--------  -------
all             1
plot_tke        1
total           2

Select jobs to execute...

[Thu Nov 30 16:57:01 2023]
rule plot_tke:
    input: data/tke.dat
    output: data/output_plot.png
    jobid: 1
    reason: Missing output files: data/output_plot.png
    resources: tmpdir=/tmp

python scripts/plot_tke.py data/tke.dat data/output_plot.png
[Thu Nov 30 16:57:03 2023]
Finished job 1.
1 of 2 steps (50%) done
Select jobs to execute...

[Thu Nov 30 16:57:03 2023]
localrule all:
    input: data/output_plot.png
    jobid: 0
    reason: Input files updated by another job: data/output_plot.png
    resources: tmpdir=/tmp

[Thu Nov 30 16:57:03 2023]
Finished job 0.
2 of 2 steps (100%) done
Complete log: .snakemake/log/2023-11-30T165659.870119.snakemake.log
